<?xml version="1.0" encoding="utf-8"?><testsuites name="pytest tests"><testsuite name="pytest" errors="0" failures="0" skipped="0" tests="108" time="21.498" timestamp="2026-08-10T14:32:37.437643-05:00" hostname="DESKTOP-5RO2L8U"><testcase classname="tests.runtime.test_certificates_runtime" name="test_custom_certificate_validates_dates_domains_and_key" time="0.006" /><testcase classname="tests.runtime.test_certificates_runtime" name="test_malformed_certificate_is_rejected_before_openssl" time="0.000" /><testcase classname="tests.runtime.test_certificates_runtime" name="test_mismatched_private_key_is_rejected" time="0.001" /><testcase classname="tests.runtime.test_certificates_runtime" name="test_acme_issue_presents_and_cleans_every_challenge" time="0.000" /><testcase classname="tests.runtime.test_certificates_runtime" name="test_acme_failure_still_cleans_presented_challenges" time="0.000" /><testcase classname="tests.runtime.test_certificates_runtime" name="test_wildcard_requires_dns01_and_renewal_window_is_30_days" time="0.000" /><testcase classname="tests.runtime.test_certificates_runtime" name="test_frozen_provider_catalog_has_86_unique_entries_and_validates_known_fields" time="0.000" /><testcase classname="tests.runtime.test_certificates_runtime" name="test_dns_provider_status_distinguishes_catalog_from_executable_support" time="0.000" /><testcase classname="tests.runtime.test_certificates_runtime" name="test_certificate_manager_atomically_publishes_custom_and_acme_material" time="0.032" /><testcase classname="tests.runtime.test_certificates_runtime" name="test_certificate_manager_refuses_delete_while_certificate_is_assigned" time="0.009" /><testcase classname="tests.runtime.test_certificates_runtime" name="test_certificate_material_store_rejects_unsafe_ids[0]" time="0.001" /><testcase classname="tests.runtime.test_certificates_runtime" name="test_certificate_material_store_rejects_unsafe_ids[-1]" time="0.001" /><testcase classname="tests.runtime.test_certificates_runtime" name="test_certificate_material_store_rejects_unsafe_ids[True]" time="0.001" /><testcase classname="tests.runtime.test_certificates_runtime" name="test_certificate_material_store_rejects_unsafe_ids[../../outside]" time="0.001" /><testcase classname="tests.runtime.test_certificates_runtime" name="test_table_certificate_manager_persists_metadata_and_write_only_material" time="0.011" /><testcase classname="tests.runtime.test_certificates_runtime" name="test_table_certificate_delete_restores_material_when_metadata_delete_fails" time="0.005" /><testcase classname="tests.runtime.test_compat_api" name="test_compat_transport_preserves_crud_toggle_and_audit_operation_identity" time="1.070" /><testcase classname="tests.runtime.test_composed_product" name="test_sqlite_identity_and_routing_survive_full_app_reconstruction" time="0.271" /><testcase classname="tests.runtime.test_disabled_proxy_host" name="test_disabled_proxy_host_has_an_explicit_non_proxying_server_block" time="0.000" /><testcase classname="tests.runtime.test_domain_routing" name="test_ownership_round_trip_and_foreign_mutation_is_fail_closed" time="0.000" /><testcase classname="tests.runtime.test_domain_routing" name="test_partial_ownership_metadata_is_invalid" time="0.000" /><testcase classname="tests.runtime.test_domain_routing" name="test_ssl_dependencies_are_normalized_server_side" time="0.000" /><testcase classname="tests.runtime.test_domain_routing" name="test_domains_are_canonical_and_cross_family_collisions_fail" time="0.000" /><testcase classname="tests.runtime.test_domain_routing" name="test_duplicate_domains_and_invalid_ports_fail_at_construction" time="0.000" /><testcase classname="tests.runtime.test_domain_routing" name="test_proxy_location_invariants" time="0.000" /><testcase classname="tests.runtime.test_domain_routing" name="test_stream_protocol_collisions_are_scoped_by_protocol" time="0.000" /><testcase classname="tests.runtime.test_domain_routing" name="test_stream_tls_requires_tcp" time="0.000" /><testcase classname="tests.runtime.test_domain_routing" name="test_dead_host_is_a_valid_inventory_member" time="0.000" /><testcase classname="tests.runtime.test_identity" name="test_identity_authentication_and_personal_token_lifecycle_use_table_ops" time="0.437" /><testcase classname="tests.runtime.test_identity" name="test_password_change_requirement_is_owned_by_credential_operation_hooks" time="0.326" /><testcase classname="tests.runtime.test_identity_security" name="test_identity_models_are_canonical_table_schemas" time="0.000" /><testcase classname="tests.runtime.test_identity_security" name="test_api_keys_use_standalone_tigrbl_auth_hashing_with_legacy_verification" time="0.520" /><testcase classname="tests.runtime.test_identity_security" name="test_identity_verification_resolves_current_table_authorization" time="0.001" /><testcase classname="tests.runtime.test_identity_security" name="test_authentication_redacts_wrapped_credential_failures" time="0.001" /><testcase classname="tests.runtime.test_migration_runtime" name="test_npm_preflight_preserves_ids_metadata_and_quarantines_invalid_references" time="0.000" /><testcase classname="tests.runtime.test_migration_runtime" name="test_read_only_sqlite_preflight" time="0.009" /><testcase classname="tests.runtime.test_migration_runtime" name="test_npm_related_identity_and_access_list_tables_are_assembled" time="0.162" /><testcase classname="tests.runtime.test_migration_runtime" name="test_schema_migration_surface_only_reports_the_current_contract" time="0.083" /><testcase classname="tests.runtime.test_migration_runtime" name="test_schema_migration_adds_certificate_owner_to_existing_sqlite_database" time="0.210" /><testcase classname="tests.runtime.test_nginx_runtime" name="test_proxy_render_covers_websocket_cache_tls_access_and_advanced_config" time="0.000" /><testcase classname="tests.runtime.test_nginx_runtime" name="test_proxy_render_combines_multiple_access_lists_into_host_policy" time="0.000" /><testcase classname="tests.runtime.test_nginx_runtime" name="test_custom_root_location_suppresses_generated_default" time="0.000" /><testcase classname="tests.runtime.test_nginx_runtime" name="test_redirect_dead_stream_and_platform_rendering" time="0.000" /><testcase classname="tests.runtime.test_nginx_runtime" name="test_unmatched_hosts_are_silent_by_default" time="0.000" /><testcase classname="tests.runtime.test_nginx_runtime" name="test_opt_in_congratulations_site_is_plain_text" time="0.000" /><testcase classname="tests.runtime.test_nginx_runtime" name="test_render_is_deterministic_across_input_order" time="0.000" /><testcase classname="tests.runtime.test_nginx_runtime" name="test_reconciler_applies_and_is_idempotent" time="0.003" /><testcase classname="tests.runtime.test_nginx_runtime" name="test_validation_failure_never_activates_candidate" time="0.002" /><testcase classname="tests.runtime.test_nginx_runtime" name="test_reload_failure_restores_last_known_good" time="0.008" /><testcase classname="tests.runtime.test_nginx_runtime" name="test_generation_store_rejects_path_traversal" time="0.001" /><testcase classname="tests.runtime.test_nginx_status" name="test_parse_stub_status_exposes_connection_states_and_counters" time="0.000" /><testcase classname="tests.runtime.test_nginx_status" name="test_parse_stub_status_rejects_incomplete_payloads" time="0.000" /><testcase classname="tests.runtime.test_nginx_status" name="test_status_client_uses_bounded_loopback_request" time="0.000" /><testcase classname="tests.runtime.test_operations_distribution" name="test_global_audit_hook_redacts_credentials_and_records_semantic_actions" time="0.113" /><testcase classname="tests.runtime.test_operations_distribution" name="test_distribution_workflow_retains_fail_closed_supply_chain_gates" time="0.000" /><testcase classname="tests.runtime.test_operations_distribution" name="test_local_compose_image_is_not_a_published_channel" time="0.000" /><testcase classname="tests.runtime.test_persistence_runtime" name="test_supported_local_backends_persist_canonical_setting_crud[memory]" time="0.213" /><testcase classname="tests.runtime.test_persistence_runtime" name="test_supported_local_backends_persist_canonical_setting_crud[sqlite]" time="0.114" /><testcase classname="tests.runtime.test_portability_recovery" name="test_configuration_bundle_restores_into_fresh_instance_with_stable_ids" time="2.325" /><testcase classname="tests.runtime.test_portability_recovery" name="test_configuration_bundle_rejects_checksum_tampering" time="1.094" /><testcase classname="tests.runtime.test_proxy_host_health" name="test_summary_precedence_preserves_independent_state_dimensions" time="0.000" /><testcase classname="tests.runtime.test_proxy_host_health" name="test_probe_status_api_persists_observations_and_audits_transitions" time="2.354" /><testcase classname="tests.runtime.test_quic_passthrough" name="test_quic_v1_initial_keys_match_rfc_9001" time="0.000" /><testcase classname="tests.runtime.test_quic_passthrough" name="test_client_hello_parser_extracts_sni_and_h3_alpn" time="0.000" /><testcase classname="tests.runtime.test_quic_passthrough" name="test_crypto_reassembly_accepts_fragmented_and_overlapping_client_hello" time="0.000" /><testcase classname="tests.runtime.test_quic_passthrough" name="test_renderer_emits_deterministic_hostname_routes" time="0.000" /><testcase classname="tests.runtime.test_quic_passthrough" name="test_quic_server_name_rejects_non_dns_hosts[localhost]" time="0.000" /><testcase classname="tests.runtime.test_quic_passthrough" name="test_quic_server_name_rejects_non_dns_hosts[https://video.example]" time="0.000" /><testcase classname="tests.runtime.test_quic_passthrough" name="test_quic_server_name_rejects_non_dns_hosts[bad name]" time="0.000" /><testcase classname="tests.runtime.test_quic_passthrough" name="test_native_quic_capability_and_crud_contract" time="0.968" /><testcase classname="tests.runtime.test_repository_layout" name="test_capability_packages_are_explicit_and_importable" time="0.029" /><testcase classname="tests.runtime.test_repository_layout" name="test_legacy_root_modules_and_ui_collision_are_absent" time="0.000" /><testcase classname="tests.runtime.test_repository_layout" name="test_uix_assets_are_owned_and_packaged_by_uix" time="0.001" /><testcase classname="tests.runtime.test_table_module_size" name="test_identity_credential_and_session_modules_stay_below_400_lines" time="0.001" /><testcase classname="tests.runtime.test_tigrbl_app_runtime" name="test_setup_login_and_proxy_host_crud_use_composed_tigrbl_app" time="1.856" /><testcase classname="tests.runtime.test_tigrbl_app_runtime" name="test_generated_bootstrap_credentials_are_unique_to_the_deployment" time="0.008" /><testcase classname="tests.runtime.test_tigrbl_app_runtime" name="test_bootstrap_admin_must_change_password_before_control_plane_access" time="1.552" /><testcase classname="tests.runtime.test_tigrbl_app_runtime" name="test_export_and_preview_are_table_backed_and_checksummed" time="0.116" /><testcase classname="tests.runtime.test_tigrbl_app_runtime" name="test_runtime_changes_persist_and_publish_immutable_generation" time="0.573" /><testcase classname="tests.runtime.test_tigrbl_app_runtime" name="test_demo_seed_reuses_an_existing_canonical_domain" time="0.213" /><testcase classname="tests.runtime.test_tigrbl_lifecycle_refactor" name="test_inline_lifecycle_hooks_are_declared_for_tigrbl_collection" time="0.000" /><testcase classname="tests.runtime.test_tigrbl_lifecycle_refactor" name="test_canonical_crud_persists_and_global_audit_is_atomic" time="0.247" /><testcase classname="tests.runtime.test_tigrbl_lifecycle_refactor" name="test_collection_and_internal_operation_surfaces_are_exact" time="0.667" /><testcase classname="tests.runtime.test_tigrbl_lifecycle_refactor" name="test_compatibility_transport_and_direct_core_share_canonical_state" time="0.393" /><testcase classname="tests.runtime.test_tigrbl_lifecycle_refactor" name="test_global_hooks_redact_secrets_and_reconcile_once_per_mutation" time="0.226" /><testcase classname="tests.runtime.test_tigrbl_lifecycle_refactor" name="test_post_commit_reconcile_failure_does_not_fail_durable_crud" time="0.208" /><testcase classname="tests.runtime.test_tigrbl_lifecycle_refactor" name="test_table_modules_do_not_reimplement_kernel_persistence" time="0.002" /><testcase classname="tests.runtime.test_tigrbl_lifecycle_refactor" name="test_routing_host_delete_removes_config_revisions_before_root" time="0.745" /><testcase classname="tests.runtime.test_tigrbl_native_composition" name="test_app_and_router_are_derived_from_public_tigrbl_factories" time="0.000" /><testcase classname="tests.runtime.test_tigrbl_native_composition" name="test_deployment_profiles_are_tigrbl_engine_specs" time="0.001" /><testcase classname="tests.runtime.test_tigrbl_native_composition" name="test_database_compose_profiles_use_the_settings_contract" time="0.000" /><testcase classname="tests.runtime.test_tigrbl_table_stores" name="test_table_inventory_covers_normalized_and_runtime_state" time="0.000" /><testcase classname="tests.runtime.test_tigrbl_table_stores" name="test_custom_schema_exports_are_owned_by_tables" time="0.000" /><testcase classname="tests.runtime.test_tigrbl_table_stores" name="test_routing_tables_expose_runtime_and_validation_operations" time="0.000" /><testcase classname="tests.runtime.test_tigrbl_table_stores" name="test_routing_validation_is_owned_by_table_operations" time="0.239" /><testcase classname="tests.runtime.test_tigrbl_table_stores" name="test_principal_password_and_session_ops_are_table_native" time="0.147" /><testcase classname="tests.runtime.test_tigrbl_table_stores" name="test_roles_and_fine_grained_permissions_are_normalized_and_mutable" time="0.068" /><testcase classname="tests.runtime.test_tigrbl_table_stores" name="test_pat_issue_verify_refresh_rotate_and_revoke_use_tigrbl_transactions" time="0.508" /><testcase classname="tests.runtime.test_tigrbl_table_stores" name="test_generation_activation_and_clear_active_are_durable_table_ops" time="0.013" /><testcase classname="tests.runtime.test_tigrbl_table_stores" name="test_generation_store_exposes_requested_custom_operations" time="0.000" /><testcase classname="tests.runtime.test_tigrbl_table_stores" name="test_runtime_lease_and_single_active_generation_are_durable_invariants" time="0.035" /><testcase classname="tests.runtime.test_tigrbl_table_stores" name="test_npm_projection_is_an_api_adapter_over_table_owned_operations" time="0.102" /><testcase classname="tests.runtime.test_tigrbl_table_stores" name="test_mfa_enrollment_and_recovery_are_table_native" time="0.171" /><testcase classname="tests.runtime.test_ui_assets" name="test_compiled_console_is_packaged_and_accessible" time="0.050" /><testcase classname="tests.runtime.test_ui_assets" name="test_data_tables_do_not_reserve_an_actions_header" time="0.001" /><testcase classname="tests.runtime.test_ui_assets" name="test_host_provenance_distinguishes_automation_humans_and_system_resources" time="0.001" /><testcase classname="tests.runtime.test_ui_assets" name="test_root_redirects_to_console" time="0.016" /><testcase classname="tests.runtime.test_ui_assets" name="test_composed_initialized_application_serves_console" time="1.516" /></testsuite></testsuites>