<?xml version="1.0" encoding="utf-8"?><testsuites name="pytest tests"><testsuite name="pytest" errors="0" failures="0" skipped="14" tests="237" time="7.458" timestamp="2026-07-14T05:11:56.454733-05:00" hostname="DESKTOP-5RO2L8U"><testcase classname="tests.integration.test_database_backends" name="test_live_external_database_transaction_and_restart_contract[postgresql]" time="0.001"><skipped type="pytest.skip" message="set PORTWYRM_RUN_DATABASE_TESTS=1 to run live database conformance">D:\Code\GitHub\groupsum\portwyrm\tests\integration\test_database_backends.py:15: set PORTWYRM_RUN_DATABASE_TESTS=1 to run live database conformance</skipped></testcase><testcase classname="tests.integration.test_database_backends" name="test_live_external_database_transaction_and_restart_contract[mysql]" time="0.000"><skipped type="pytest.skip" message="set PORTWYRM_RUN_DATABASE_TESTS=1 to run live database conformance">D:\Code\GitHub\groupsum\portwyrm\tests\integration\test_database_backends.py:15: set PORTWYRM_RUN_DATABASE_TESTS=1 to run live database conformance</skipped></testcase><testcase classname="tests.integration.test_s1_container_protocols" name="test_s1_real_http_websocket_cache_redirect_dead_tcp_and_udp" time="0.000"><skipped type="pytest.skip" message="set PORTWYRM_RUN_DOCKER_TESTS=1 to run real container protocols">D:\Code\GitHub\groupsum\portwyrm\tests\integration\test_s1_container_protocols.py:230: set PORTWYRM_RUN_DOCKER_TESTS=1 to run real container protocols</skipped></testcase><testcase classname="tests.planned.test_certificates" name="test_suite_is_not_implemented" time="0.000"><skipped type="pytest.skip" message="Certificate lifecycle implementation and executable coverage are pending">D:\Code\GitHub\groupsum\portwyrm\tests\planned\test_certificates.py:7: Certificate lifecycle implementation and executable coverage are pending</skipped></testcase><testcase classname="tests.planned.test_distribution" name="test_suite_is_not_implemented" time="0.000"><skipped type="pytest.skip" message="OCI distribution and supply chain implementation and executable coverage are pending">D:\Code\GitHub\groupsum\portwyrm\tests\planned\test_distribution.py:7: OCI distribution and supply chain implementation and executable coverage are pending</skipped></testcase><testcase classname="tests.planned.test_identity" name="test_suite_is_not_implemented" time="0.000"><skipped type="pytest.skip" message="Identity and access behavior implementation and executable coverage are pending">D:\Code\GitHub\groupsum\portwyrm\tests\planned\test_identity.py:7: Identity and access behavior implementation and executable coverage are pending</skipped></testcase><testcase classname="tests.planned.test_migration" name="test_suite_is_not_implemented" time="0.000"><skipped type="pytest.skip" message="NPM migration and cutover implementation and executable coverage are pending">D:\Code\GitHub\groupsum\portwyrm\tests\planned\test_migration.py:7: NPM migration and cutover implementation and executable coverage are pending</skipped></testcase><testcase classname="tests.planned.test_npm_wire" name="test_suite_is_not_implemented" time="0.000"><skipped type="pytest.skip" message="NPM golden-wire contract implementation and executable coverage are pending">D:\Code\GitHub\groupsum\portwyrm\tests\planned\test_npm_wire.py:7: NPM golden-wire contract implementation and executable coverage are pending</skipped></testcase><testcase classname="tests.planned.test_npmctl_e2e" name="test_suite_is_not_implemented" time="0.000"><skipped type="pytest.skip" message="npmctl end-to-end compatibility implementation and executable coverage are pending">D:\Code\GitHub\groupsum\portwyrm\tests\planned\test_npmctl_e2e.py:7: npmctl end-to-end compatibility implementation and executable coverage are pending</skipped></testcase><testcase classname="tests.planned.test_operations" name="test_suite_is_not_implemented" time="0.000"><skipped type="pytest.skip" message="Settings audit reporting and health implementation and executable coverage are pending">D:\Code\GitHub\groupsum\portwyrm\tests\planned\test_operations.py:7: Settings audit reporting and health implementation and executable coverage are pending</skipped></testcase><testcase classname="tests.planned.test_persistence" name="test_suite_is_not_implemented" time="0.001"><skipped type="pytest.skip" message="Persistence adapter conformance implementation and executable coverage are pending">D:\Code\GitHub\groupsum\portwyrm\tests\planned\test_persistence.py:7: Persistence adapter conformance implementation and executable coverage are pending</skipped></testcase><testcase classname="tests.planned.test_routing" name="test_suite_is_not_implemented" time="0.000"><skipped type="pytest.skip" message="Routing behavior implementation and executable coverage are pending">D:\Code\GitHub\groupsum\portwyrm\tests\planned\test_routing.py:7: Routing behavior implementation and executable coverage are pending</skipped></testcase><testcase classname="tests.planned.test_runtime" name="test_suite_is_not_implemented" time="0.000"><skipped type="pytest.skip" message="Nginx runtime reconciliation implementation and executable coverage are pending">D:\Code\GitHub\groupsum\portwyrm\tests\planned\test_runtime.py:7: Nginx runtime reconciliation implementation and executable coverage are pending</skipped></testcase><testcase classname="tests.planned.test_ui" name="test_suite_is_not_implemented" time="0.000"><skipped type="pytest.skip" message="Operator UI and accessibility implementation and executable coverage are pending">D:\Code\GitHub\groupsum\portwyrm\tests\planned\test_ui.py:7: Operator UI and accessibility implementation and executable coverage are pending</skipped></testcase><testcase classname="tests.robustness.test_api_security_ui_t2" name="test_authentication_fails_closed_for_missing_malformed_and_forged_credentials[None]" time="0.087" /><testcase classname="tests.robustness.test_api_security_ui_t2" name="test_authentication_fails_closed_for_missing_malformed_and_forged_credentials[]" time="0.059" /><testcase classname="tests.robustness.test_api_security_ui_t2" name="test_authentication_fails_closed_for_missing_malformed_and_forged_credentials[Basic dXNlcjpwYXNz]" time="0.130" /><testcase classname="tests.robustness.test_api_security_ui_t2" name="test_authentication_fails_closed_for_missing_malformed_and_forged_credentials[bearer invalid]" time="0.082" /><testcase classname="tests.robustness.test_api_security_ui_t2" name="test_authentication_fails_closed_for_missing_malformed_and_forged_credentials[Bearer]" time="0.067" /><testcase classname="tests.robustness.test_api_security_ui_t2" name="test_authentication_fails_closed_for_missing_malformed_and_forged_credentials[Bearer ]" time="0.057" /><testcase classname="tests.robustness.test_api_security_ui_t2" name="test_authentication_fails_closed_for_missing_malformed_and_forged_credentials[Bearer fabricated]" time="0.056" /><testcase classname="tests.robustness.test_api_security_ui_t2" name="test_refresh_rotates_session_and_rejects_replay" time="0.061" /><testcase classname="tests.robustness.test_api_security_ui_t2" name="test_token_store_expiry_pat_tamper_revocation_and_hash_at_rest" time="0.000" /><testcase classname="tests.robustness.test_api_security_ui_t2" name="test_login_rejects_malformed_or_scope_escalating_payloads[payload0]" time="0.140" /><testcase classname="tests.robustness.test_api_security_ui_t2" name="test_login_rejects_malformed_or_scope_escalating_payloads[payload1]" time="0.061" /><testcase classname="tests.robustness.test_api_security_ui_t2" name="test_login_rejects_malformed_or_scope_escalating_payloads[payload2]" time="0.052" /><testcase classname="tests.robustness.test_api_security_ui_t2" name="test_login_rejects_malformed_or_scope_escalating_payloads[payload3]" time="0.058" /><testcase classname="tests.robustness.test_api_security_ui_t2" name="test_login_rejects_malformed_or_scope_escalating_payloads[payload4]" time="0.067" /><testcase classname="tests.robustness.test_api_security_ui_t2" name="test_resource_boundary_rejects_non_objects_ids_bad_metadata_and_bad_routes" time="0.066" /><testcase classname="tests.robustness.test_api_security_ui_t2" name="test_rbac_and_visibility_do_not_disclose_foreign_resources" time="0.124" /><testcase classname="tests.robustness.test_api_security_ui_t2" name="test_npmctl_wire_contract_preserves_raw_arrays_ids_extensions_and_owner_metadata" time="0.091" /><testcase classname="tests.robustness.test_api_security_ui_t2" name="test_totp_vectors_window_validation_and_backup_codes_are_single_use" time="0.107" /><testcase classname="tests.robustness.test_api_security_ui_t2" name="test_initial_setup_is_one_shot_casefolded_and_never_echoes_password" time="0.139" /><testcase classname="tests.robustness.test_api_security_ui_t2" name="test_no_build_ui_has_accessibility_and_static_security_invariants" time="0.094" /><testcase classname="tests.robustness.test_data_operations_distribution_t2" name="test_transactions_rollback_all_mutations[memory]" time="0.004" /><testcase classname="tests.robustness.test_data_operations_distribution_t2" name="test_transactions_rollback_all_mutations[sqlite]" time="0.013" /><testcase classname="tests.robustness.test_data_operations_distribution_t2" name="test_transactions_rollback_all_mutations[filesystem]" time="0.004" /><testcase classname="tests.robustness.test_data_operations_distribution_t2" name="test_concurrent_writers_do_not_lose_distinct_records[memory]" time="0.003" /><testcase classname="tests.robustness.test_data_operations_distribution_t2" name="test_concurrent_writers_do_not_lose_distinct_records[sqlite]" time="0.130" /><testcase classname="tests.robustness.test_data_operations_distribution_t2" name="test_concurrent_writers_do_not_lose_distinct_records[filesystem]" time="0.014" /><testcase classname="tests.robustness.test_data_operations_distribution_t2" name="test_filesystem_snapshot_rejects_corruption_and_unknown_schema" time="0.003" /><testcase classname="tests.robustness.test_data_operations_distribution_t2" name="test_bundle_tampering_conflicts_and_preview_are_fail_closed" time="0.008" /><testcase classname="tests.robustness.test_data_operations_distribution_t2" name="test_hybrid_blob_paths_cannot_escape_store_and_metadata_rolls_back" time="0.001" /><testcase classname="tests.robustness.test_data_operations_distribution_t2" name="test_dbapi_backend_contract_and_failure_rollback[PostgreSQLRepository-payload TEXT-ON CONFLICT(collection, resource_id)]" time="0.000" /><testcase classname="tests.robustness.test_data_operations_distribution_t2" name="test_dbapi_backend_contract_and_failure_rollback[MySQLRepository-payload LONGTEXT-ON DUPLICATE KEY UPDATE]" time="0.000" /><testcase classname="tests.robustness.test_data_operations_distribution_t2" name="test_npm_migration_quarantines_invalid_data_and_is_idempotent" time="0.000" /><testcase classname="tests.robustness.test_data_operations_distribution_t2" name="test_npm_migration_conflicts_do_not_replace_without_authorization" time="0.000" /><testcase classname="tests.robustness.test_data_operations_distribution_t2" name="test_recursive_audit_redaction_never_persists_credentials" time="0.000" /><testcase classname="tests.robustness.test_data_operations_distribution_t2" name="test_health_isolates_repository_and_dependency_failures" time="0.000" /><testcase classname="tests.robustness.test_data_operations_distribution_t2" name="test_log_rotation_is_bounded_and_preserves_generation_order" time="0.002" /><testcase classname="tests.robustness.test_data_operations_distribution_t2" name="test_failed_upgrade_rolls_back_and_can_be_retried" time="0.000" /><testcase classname="tests.robustness.test_data_operations_distribution_t2" name="test_runtime_identity_configuration_and_container_artifacts_are_consistent" time="0.001" /><testcase classname="tests.robustness.test_routing_nginx_certificates_t2" name="test_owner_scoped_prune_fails_closed_for_every_foreign_selection[None-unmanaged]" time="0.000" /><testcase classname="tests.robustness.test_routing_nginx_certificates_t2" name="test_owner_scoped_prune_fails_closed_for_every_foreign_selection[foreign1-adoption]" time="0.000" /><testcase classname="tests.robustness.test_routing_nginx_certificates_t2" name="test_owner_scoped_prune_fails_closed_for_every_foreign_selection[foreign2-adoption]" time="0.000" /><testcase classname="tests.robustness.test_routing_nginx_certificates_t2" name="test_cross_family_domain_collision_is_atomic_and_case_insensitive" time="0.000" /><testcase classname="tests.robustness.test_routing_nginx_certificates_t2" name="test_stream_collision_namespace_separates_protocol_but_rejects_overlap" time="0.004" /><testcase classname="tests.robustness.test_routing_nginx_certificates_t2" name="test_invalid_routing_inputs_are_rejected_before_render[&lt;lambda&gt;0]" time="0.000" /><testcase classname="tests.robustness.test_routing_nginx_certificates_t2" name="test_invalid_routing_inputs_are_rejected_before_render[&lt;lambda&gt;1]" time="0.000" /><testcase classname="tests.robustness.test_routing_nginx_certificates_t2" name="test_invalid_routing_inputs_are_rejected_before_render[&lt;lambda&gt;2]" time="0.000" /><testcase classname="tests.robustness.test_routing_nginx_certificates_t2" name="test_invalid_routing_inputs_are_rejected_before_render[&lt;lambda&gt;3]" time="0.000" /><testcase classname="tests.robustness.test_routing_nginx_certificates_t2" name="test_full_nginx_generation_is_byte_deterministic_under_permutations" time="0.001" /><testcase classname="tests.robustness.test_routing_nginx_certificates_t2" name="test_platform_and_advanced_config_boundaries_fail_closed" time="0.000" /><testcase classname="tests.robustness.test_routing_nginx_certificates_t2" name="test_rendered_feature_interactions_do_not_weaken_access_or_tls" time="0.000" /><testcase classname="tests.robustness.test_routing_nginx_certificates_t2" name="test_invalid_candidate_preserves_last_known_good_and_diagnostic" time="0.003" /><testcase classname="tests.robustness.test_routing_nginx_certificates_t2" name="test_concurrent_reconciliation_serializes_complete_generations" time="0.004" /><testcase classname="tests.robustness.test_routing_nginx_certificates_t2" name="test_malformed_pem_components_never_reach_openssl[bundle0]" time="0.000" /><testcase classname="tests.robustness.test_routing_nginx_certificates_t2" name="test_malformed_pem_components_never_reach_openssl[bundle1]" time="0.000" /><testcase classname="tests.robustness.test_routing_nginx_certificates_t2" name="test_malformed_pem_components_never_reach_openssl[bundle2]" time="0.000" /><testcase classname="tests.robustness.test_routing_nginx_certificates_t2" name="test_certificate_date_boundaries_fail_closed" time="0.004" /><testcase classname="tests.robustness.test_routing_nginx_certificates_t2" name="test_acme_renewal_failure_cleans_all_challenges_in_reverse_order[validate]" time="0.000" /><testcase classname="tests.robustness.test_routing_nginx_certificates_t2" name="test_acme_renewal_failure_cleans_all_challenges_in_reverse_order[finalize]" time="0.000" /><testcase classname="tests.robustness.test_routing_nginx_certificates_t2" name="test_dns_provider_present_failure_cleans_only_successfully_presented_inputs" time="0.000" /><testcase classname="tests.robustness.test_routing_nginx_certificates_t2" name="test_dns_provider_catalog_keeps_credentials_outside_frozen_provider_identity" time="0.000" /><testcase classname="tests.runtime.test_certificates_runtime" name="test_custom_certificate_validates_dates_domains_and_key" time="0.001" /><testcase classname="tests.runtime.test_certificates_runtime" name="test_malformed_certificate_is_rejected_before_openssl" time="0.000" /><testcase classname="tests.runtime.test_certificates_runtime" name="test_mismatched_private_key_is_rejected" time="0.002" /><testcase classname="tests.runtime.test_certificates_runtime" name="test_acme_issue_presents_and_cleans_every_challenge" time="0.000" /><testcase classname="tests.runtime.test_certificates_runtime" name="test_acme_failure_still_cleans_presented_challenges" time="0.000" /><testcase classname="tests.runtime.test_certificates_runtime" name="test_wildcard_requires_dns01_and_renewal_window_is_30_days" time="0.000" /><testcase classname="tests.runtime.test_certificates_runtime" name="test_frozen_provider_catalog_has_86_unique_entries_and_validates_known_fields" time="0.000" /><testcase classname="tests.runtime.test_certificates_runtime" name="test_certificate_manager_atomically_publishes_custom_and_acme_material" time="0.014" /><testcase classname="tests.runtime.test_certificates_runtime" name="test_certificate_manager_refuses_delete_while_certificate_is_assigned" time="0.006" /><testcase classname="tests.runtime.test_certificates_runtime" name="test_certificate_material_store_rejects_unsafe_ids[0]" time="0.001" /><testcase classname="tests.runtime.test_certificates_runtime" name="test_certificate_material_store_rejects_unsafe_ids[-1]" time="0.001" /><testcase classname="tests.runtime.test_certificates_runtime" name="test_certificate_material_store_rejects_unsafe_ids[True]" time="0.001" /><testcase classname="tests.runtime.test_certificates_runtime" name="test_certificate_material_store_rejects_unsafe_ids[../../outside]" time="0.001" /><testcase classname="tests.runtime.test_compat_api" name="test_health_schema_login_and_refresh" time="0.085" /><testcase classname="tests.runtime.test_compat_api" name="test_browser_session_is_httponly_and_unsafe_requests_require_csrf" time="0.100" /><testcase classname="tests.runtime.test_compat_api" name="test_proxy_crud_preserves_id_unknown_fields_and_metadata" time="0.064" /><testcase classname="tests.runtime.test_compat_api" name="test_host_enable_disable_routes_are_explicit_and_idempotent" time="0.057" /><testcase classname="tests.runtime.test_compat_api" name="test_all_collections_offer_raw_crud[/api/nginx/certificates-payload0]" time="0.058" /><testcase classname="tests.runtime.test_compat_api" name="test_all_collections_offer_raw_crud[/api/nginx/access-lists-payload1]" time="0.061" /><testcase classname="tests.runtime.test_compat_api" name="test_all_collections_offer_raw_crud[/api/nginx/redirection-hosts-payload2]" time="0.067" /><testcase classname="tests.runtime.test_compat_api" name="test_all_collections_offer_raw_crud[/api/nginx/dead-hosts-payload3]" time="0.142" /><testcase classname="tests.runtime.test_compat_api" name="test_all_collections_offer_raw_crud[/api/nginx/streams-payload4]" time="0.076" /><testcase classname="tests.runtime.test_compat_api" name="test_all_collections_offer_raw_crud[/api/users-payload5]" time="0.085" /><testcase classname="tests.runtime.test_compat_api" name="test_all_collections_offer_raw_crud[/api/settings-payload6]" time="0.067" /><testcase classname="tests.runtime.test_compat_api" name="test_audit_since_is_admin_only_and_returns_array" time="0.065" /><testcase classname="tests.runtime.test_compat_api" name="test_invalid_auth_payload_ids_and_metadata_are_rejected" time="0.067" /><testcase classname="tests.runtime.test_compat_api" name="test_rbac_visibility_and_write_fences" time="0.130" /><testcase classname="tests.runtime.test_compat_api" name="test_facade_adapts_the_shared_control_plane_service" time="0.078" /><testcase classname="tests.runtime.test_compat_api" name="test_packaged_factory_bootstraps_from_environment_and_mounts_ui" time="0.147" /><testcase classname="tests.runtime.test_compat_api" name="test_packaged_app_requires_explicit_first_admin" time="0.102" /><testcase classname="tests.runtime.test_compat_api" name="test_admin_can_impersonate_active_user_but_cannot_delete_self" time="0.190" /><testcase classname="tests.runtime.test_composed_product" name="test_api_setup_crud_and_credentials_survive_restart" time="0.439" /><testcase classname="tests.runtime.test_composed_product" name="test_user_credentials_profile_logout_and_pat_lifecycle_survive_restart" time="0.577" /><testcase classname="tests.runtime.test_composed_product" name="test_mfa_enrollment_totp_and_one_use_backup_code_survive_restart" time="0.701" /><testcase classname="tests.runtime.test_composed_product" name="test_routing_mutation_publishes_active_nginx_generation" time="0.022" /><testcase classname="tests.runtime.test_composed_product" name="test_cli_resource_commands_use_compatible_api_paths" time="0.000" /><testcase classname="tests.runtime.test_composed_product" name="test_cli_portability_commands_use_preview_and_explicit_apply" time="0.000" /><testcase classname="tests.runtime.test_composed_product" name="test_installed_server_defaults_to_durable_sqlite" time="0.006" /><testcase classname="tests.runtime.test_composed_product" name="test_admin_portability_and_npm_cutover_endpoints_reload_live_service" time="0.599" /><testcase classname="tests.runtime.test_domain_routing" name="test_ownership_round_trip_and_foreign_mutation_is_fail_closed" time="0.000" /><testcase classname="tests.runtime.test_domain_routing" name="test_partial_ownership_metadata_is_invalid" time="0.000" /><testcase classname="tests.runtime.test_domain_routing" name="test_ssl_dependencies_are_normalized_server_side" time="0.000" /><testcase classname="tests.runtime.test_domain_routing" name="test_domains_are_canonical_and_cross_family_collisions_fail" time="0.000" /><testcase classname="tests.runtime.test_domain_routing" name="test_duplicate_domains_and_invalid_ports_fail_at_construction" time="0.000" /><testcase classname="tests.runtime.test_domain_routing" name="test_proxy_location_invariants" time="0.000" /><testcase classname="tests.runtime.test_domain_routing" name="test_stream_protocol_collisions_are_scoped_by_protocol" time="0.000" /><testcase classname="tests.runtime.test_domain_routing" name="test_stream_tls_requires_tcp" time="0.000" /><testcase classname="tests.runtime.test_domain_routing" name="test_dead_host_is_a_valid_inventory_member" time="0.000" /><testcase classname="tests.runtime.test_identity" name="test_principal_admin_and_section_permissions" time="0.000" /><testcase classname="tests.runtime.test_identity" name="test_session_refresh_expiry_and_invalid_token" time="0.000" /><testcase classname="tests.runtime.test_identity" name="test_personal_access_token_is_one_time_revealed_hashed_revocable_and_expiring" time="0.000" /><testcase classname="tests.runtime.test_identity" name="test_sessions_and_personal_tokens_survive_repository_restart" time="0.010" /><testcase classname="tests.runtime.test_identity" name="test_totp_matches_rfc_vector_and_rejects_invalid_codes" time="0.000" /><testcase classname="tests.runtime.test_identity" name="test_backup_codes_are_one_use" time="0.138" /><testcase classname="tests.runtime.test_identity" name="test_mfa_recovery_rotation_revokes_previous_backup_codes" time="0.518" /><testcase classname="tests.runtime.test_migration_runtime" name="test_npm_preflight_preserves_ids_metadata_and_quarantines_invalid_references" time="0.001" /><testcase classname="tests.runtime.test_migration_runtime" name="test_read_only_sqlite_preflight" time="0.009" /><testcase classname="tests.runtime.test_migration_runtime" name="test_npm_related_identity_and_access_list_tables_are_assembled" time="0.163" /><testcase classname="tests.runtime.test_nginx_runtime" name="test_proxy_render_covers_websocket_cache_tls_access_and_advanced_config" time="0.000" /><testcase classname="tests.runtime.test_nginx_runtime" name="test_custom_root_location_suppresses_generated_default" time="0.000" /><testcase classname="tests.runtime.test_nginx_runtime" name="test_redirect_dead_stream_and_platform_rendering" time="0.000" /><testcase classname="tests.runtime.test_nginx_runtime" name="test_render_is_deterministic_across_input_order" time="0.000" /><testcase classname="tests.runtime.test_nginx_runtime" name="test_reconciler_applies_and_is_idempotent" time="0.003" /><testcase classname="tests.runtime.test_nginx_runtime" name="test_validation_failure_never_activates_candidate" time="0.002" /><testcase classname="tests.runtime.test_nginx_runtime" name="test_reload_failure_restores_last_known_good" time="0.004" /><testcase classname="tests.runtime.test_nginx_runtime" name="test_generation_store_rejects_path_traversal" time="0.001" /><testcase classname="tests.runtime.test_operations_distribution" name="test_audit_settings_health_and_upgrades" time="0.004" /><testcase classname="tests.runtime.test_operations_distribution" name="test_distribution_assets_define_supervision_health_and_supply_chain" time="0.001" /><testcase classname="tests.runtime.test_persistence_runtime" name="test_repository_contract_and_transaction_rollback[memory]" time="0.001" /><testcase classname="tests.runtime.test_persistence_runtime" name="test_repository_contract_and_transaction_rollback[sqlite]" time="0.007" /><testcase classname="tests.runtime.test_persistence_runtime" name="test_repository_contract_and_transaction_rollback[filesystem]" time="0.004" /><testcase classname="tests.runtime.test_persistence_runtime" name="test_versioned_bundle_round_trip_and_preview" time="0.006" /><testcase classname="tests.runtime.test_persistence_runtime" name="test_hybrid_repository_keeps_metadata_and_blobs_separate" time="0.003" /><testcase classname="tests.runtime.test_service" name="test_stable_ids_metadata_and_soft_delete" time="0.000" /><testcase classname="tests.runtime.test_service" name="test_casefolded_cross_family_domain_collision" time="0.000" /><testcase classname="tests.runtime.test_service" name="test_foreign_resources_are_hidden_and_cannot_be_pruned" time="0.000" /><testcase classname="tests.runtime.test_service" name="test_invalid_inputs_and_audit_redaction" time="0.000" /><testcase classname="tests.runtime.test_service" name="test_routing_payloads_are_validated_before_desired_state_changes" time="0.000" /><testcase classname="tests.runtime.test_service" name="test_preserved_compatibility_ids_advance_allocator" time="0.000" /><testcase classname="tests.runtime.test_ui_assets" name="test_no_build_console_is_packaged_and_accessible" time="0.012" /><testcase classname="tests.runtime.test_ui_assets" name="test_root_redirects_to_console" time="0.002" /><testcase classname="tests.ssot_scaffold.test_certificates_acme_t0_proof_graph" name="test_ssot_scaffold_placeholder" time="0.000" /><testcase classname="tests.ssot_scaffold.test_certificates_acme_t1_proof_graph" name="test_ssot_scaffold_placeholder" time="0.000" /><testcase classname="tests.ssot_scaffold.test_certificates_acme_t2_proof_graph" name="test_ssot_scaffold_placeholder" time="0.000" /><testcase classname="tests.ssot_scaffold.test_certificates_custom_t0_proof_graph" name="test_ssot_scaffold_placeholder" time="0.000" /><testcase classname="tests.ssot_scaffold.test_certificates_custom_t1_proof_graph" name="test_ssot_scaffold_placeholder" time="0.000" /><testcase classname="tests.ssot_scaffold.test_certificates_custom_t2_proof_graph" name="test_ssot_scaffold_placeholder" time="0.000" /><testcase classname="tests.ssot_scaffold.test_certificates_dns01_providers_t0_proof_graph" name="test_ssot_scaffold_placeholder" time="0.000" /><testcase classname="tests.ssot_scaffold.test_certificates_dns01_providers_t1_proof_graph" name="test_ssot_scaffold_placeholder" time="0.000" /><testcase classname="tests.ssot_scaffold.test_certificates_dns01_providers_t2_proof_graph" name="test_ssot_scaffold_placeholder" time="0.000" /><testcase classname="tests.ssot_scaffold.test_compat_api_transport_t0_proof_graph" name="test_ssot_scaffold_placeholder" time="0.000" /><testcase classname="tests.ssot_scaffold.test_compat_api_transport_t1_proof_graph" name="test_ssot_scaffold_placeholder" time="0.000" /><testcase classname="tests.ssot_scaffold.test_compat_npm_api_t0_proof_graph" name="test_ssot_scaffold_placeholder" time="0.000" /><testcase classname="tests.ssot_scaffold.test_compat_npm_api_t1_proof_graph" name="test_ssot_scaffold_placeholder" time="0.000" /><testcase classname="tests.ssot_scaffold.test_compat_npm_api_t2_proof_graph" name="test_ssot_scaffold_placeholder" time="0.000" /><testcase classname="tests.ssot_scaffold.test_compat_npmctl_t0_proof_graph" name="test_ssot_scaffold_placeholder" time="0.000" /><testcase classname="tests.ssot_scaffold.test_compat_npmctl_t1_proof_graph" name="test_ssot_scaffold_placeholder" time="0.000" /><testcase classname="tests.ssot_scaffold.test_compat_npmctl_t2_proof_graph" name="test_ssot_scaffold_placeholder" time="0.000" /><testcase classname="tests.ssot_scaffold.test_distribution_oci_t0_proof_graph" name="test_ssot_scaffold_placeholder" time="0.000" /><testcase classname="tests.ssot_scaffold.test_distribution_oci_t1_proof_graph" name="test_ssot_scaffold_placeholder" time="0.000" /><testcase classname="tests.ssot_scaffold.test_distribution_oci_t2_proof_graph" name="test_ssot_scaffold_placeholder" time="0.000" /><testcase classname="tests.ssot_scaffold.test_distribution_runtime_identity_t0_proof_graph" name="test_ssot_scaffold_placeholder" time="0.000" /><testcase classname="tests.ssot_scaffold.test_distribution_runtime_identity_t1_proof_graph" name="test_ssot_scaffold_placeholder" time="0.000" /><testcase classname="tests.ssot_scaffold.test_experience_operator_cli_t0_proof_graph" name="test_ssot_scaffold_placeholder" time="0.000" /><testcase classname="tests.ssot_scaffold.test_experience_operator_cli_t1_proof_graph" name="test_operator_cli_control_plane_is_persistent_and_reachable" time="0.232" /><testcase classname="tests.ssot_scaffold.test_experience_operator_ui_t0_proof_graph" name="test_ssot_scaffold_placeholder" time="0.000" /><testcase classname="tests.ssot_scaffold.test_experience_operator_ui_t1_proof_graph" name="test_ssot_scaffold_placeholder" time="0.000" /><testcase classname="tests.ssot_scaffold.test_experience_operator_ui_t2_proof_graph" name="test_ssot_scaffold_placeholder" time="0.000" /><testcase classname="tests.ssot_scaffold.test_identity_access_tokens_t0_proof_graph" name="test_ssot_scaffold_placeholder" time="0.000" /><testcase classname="tests.ssot_scaffold.test_identity_access_tokens_t1_proof_graph" name="test_ssot_scaffold_placeholder" time="0.000" /><testcase classname="tests.ssot_scaffold.test_identity_access_tokens_t2_proof_graph" name="test_ssot_scaffold_placeholder" time="0.000" /><testcase classname="tests.ssot_scaffold.test_identity_auth_2fa_t0_proof_graph" name="test_ssot_scaffold_placeholder" time="0.000" /><testcase classname="tests.ssot_scaffold.test_identity_auth_2fa_t1_proof_graph" name="test_ssot_scaffold_placeholder" time="0.000" /><testcase classname="tests.ssot_scaffold.test_identity_auth_2fa_t2_proof_graph" name="test_ssot_scaffold_placeholder" time="0.000" /><testcase classname="tests.ssot_scaffold.test_identity_users_rbac_t0_proof_graph" name="test_ssot_scaffold_placeholder" time="0.000" /><testcase classname="tests.ssot_scaffold.test_identity_users_rbac_t1_proof_graph" name="test_ssot_scaffold_placeholder" time="0.000" /><testcase classname="tests.ssot_scaffold.test_identity_users_rbac_t2_proof_graph" name="test_ssot_scaffold_placeholder" time="0.000" /><testcase classname="tests.ssot_scaffold.test_migration_npm_t0_proof_graph" name="test_ssot_scaffold_placeholder" time="0.000" /><testcase classname="tests.ssot_scaffold.test_migration_npm_t1_proof_graph" name="test_ssot_scaffold_placeholder" time="0.000" /><testcase classname="tests.ssot_scaffold.test_migration_npm_t2_proof_graph" name="test_ssot_scaffold_placeholder" time="0.000" /><testcase classname="tests.ssot_scaffold.test_operations_settings_audit_health_t0_proof_graph" name="test_ssot_scaffold_placeholder" time="0.000" /><testcase classname="tests.ssot_scaffold.test_operations_settings_audit_health_t1_proof_graph" name="test_ssot_scaffold_placeholder" time="0.000" /><testcase classname="tests.ssot_scaffold.test_operations_settings_audit_health_t2_proof_graph" name="test_ssot_scaffold_placeholder" time="0.000" /><testcase classname="tests.ssot_scaffold.test_operations_traffic_logs_t0_proof_graph" name="test_ssot_scaffold_placeholder" time="0.000" /><testcase classname="tests.ssot_scaffold.test_operations_traffic_logs_t1_proof_graph" name="test_ssot_scaffold_placeholder" time="0.000" /><testcase classname="tests.ssot_scaffold.test_operations_upgrades_t0_proof_graph" name="test_ssot_scaffold_placeholder" time="0.000" /><testcase classname="tests.ssot_scaffold.test_operations_upgrades_t1_proof_graph" name="test_ssot_scaffold_placeholder" time="0.000" /><testcase classname="tests.ssot_scaffold.test_persistence_filesystem_t0_proof_graph" name="test_ssot_scaffold_placeholder" time="0.000" /><testcase classname="tests.ssot_scaffold.test_persistence_filesystem_t1_proof_graph" name="test_ssot_scaffold_placeholder" time="0.000" /><testcase classname="tests.ssot_scaffold.test_persistence_filesystem_t2_proof_graph" name="test_ssot_scaffold_placeholder" time="0.000" /><testcase classname="tests.ssot_scaffold.test_persistence_hybrid_t0_proof_graph" name="test_ssot_scaffold_placeholder" time="0.000" /><testcase classname="tests.ssot_scaffold.test_persistence_hybrid_t1_proof_graph" name="test_ssot_scaffold_placeholder" time="0.000" /><testcase classname="tests.ssot_scaffold.test_persistence_hybrid_t2_proof_graph" name="test_ssot_scaffold_placeholder" time="0.000" /><testcase classname="tests.ssot_scaffold.test_persistence_memory_t0_proof_graph" name="test_ssot_scaffold_placeholder" time="0.000" /><testcase classname="tests.ssot_scaffold.test_persistence_memory_t1_proof_graph" name="test_ssot_scaffold_placeholder" time="0.000" /><testcase classname="tests.ssot_scaffold.test_persistence_memory_t2_proof_graph" name="test_ssot_scaffold_placeholder" time="0.000" /><testcase classname="tests.ssot_scaffold.test_persistence_mysql_t0_proof_graph" name="test_ssot_scaffold_placeholder" time="0.000" /><testcase classname="tests.ssot_scaffold.test_persistence_mysql_t1_proof_graph" name="test_ssot_scaffold_placeholder" time="0.000" /><testcase classname="tests.ssot_scaffold.test_persistence_mysql_t2_proof_graph" name="test_ssot_scaffold_placeholder" time="0.000" /><testcase classname="tests.ssot_scaffold.test_persistence_postgresql_t0_proof_graph" name="test_ssot_scaffold_placeholder" time="0.000" /><testcase classname="tests.ssot_scaffold.test_persistence_postgresql_t1_proof_graph" name="test_ssot_scaffold_placeholder" time="0.000" /><testcase classname="tests.ssot_scaffold.test_persistence_postgresql_t2_proof_graph" name="test_ssot_scaffold_placeholder" time="0.000" /><testcase classname="tests.ssot_scaffold.test_persistence_sqlite_t0_proof_graph" name="test_ssot_scaffold_placeholder" time="0.000" /><testcase classname="tests.ssot_scaffold.test_persistence_sqlite_t1_proof_graph" name="test_ssot_scaffold_placeholder" time="0.000" /><testcase classname="tests.ssot_scaffold.test_persistence_sqlite_t2_proof_graph" name="test_ssot_scaffold_placeholder" time="0.000" /><testcase classname="tests.ssot_scaffold.test_routing_access_lists_t0_proof_graph" name="test_ssot_scaffold_placeholder" time="0.000" /><testcase classname="tests.ssot_scaffold.test_routing_access_lists_t1_proof_graph" name="test_ssot_scaffold_placeholder" time="0.000" /><testcase classname="tests.ssot_scaffold.test_routing_access_lists_t2_proof_graph" name="test_ssot_scaffold_placeholder" time="0.000" /><testcase classname="tests.ssot_scaffold.test_routing_proxy_hosts_t0_proof_graph" name="test_ssot_scaffold_placeholder" time="0.000" /><testcase classname="tests.ssot_scaffold.test_routing_proxy_hosts_t1_proof_graph" name="test_ssot_scaffold_placeholder" time="0.000" /><testcase classname="tests.ssot_scaffold.test_routing_proxy_hosts_t2_proof_graph" name="test_ssot_scaffold_placeholder" time="0.000" /><testcase classname="tests.ssot_scaffold.test_routing_redirection_dead_hosts_t0_proof_graph" name="test_ssot_scaffold_placeholder" time="0.000" /><testcase classname="tests.ssot_scaffold.test_routing_redirection_dead_hosts_t1_proof_graph" name="test_ssot_scaffold_placeholder" time="0.000" /><testcase classname="tests.ssot_scaffold.test_routing_redirection_dead_hosts_t2_proof_graph" name="test_ssot_scaffold_placeholder" time="0.000" /><testcase classname="tests.ssot_scaffold.test_routing_streams_t0_proof_graph" name="test_ssot_scaffold_placeholder" time="0.000" /><testcase classname="tests.ssot_scaffold.test_routing_streams_t1_proof_graph" name="test_ssot_scaffold_placeholder" time="0.000" /><testcase classname="tests.ssot_scaffold.test_routing_streams_t2_proof_graph" name="test_ssot_scaffold_placeholder" time="0.000" /><testcase classname="tests.ssot_scaffold.test_runtime_nginx_platform_t0_proof_graph" name="test_ssot_scaffold_placeholder" time="0.000" /><testcase classname="tests.ssot_scaffold.test_runtime_nginx_platform_t1_proof_graph" name="test_ssot_scaffold_placeholder" time="0.000" /><testcase classname="tests.ssot_scaffold.test_runtime_nginx_reconciliation_t0_proof_graph" name="test_ssot_scaffold_placeholder" time="0.000" /><testcase classname="tests.ssot_scaffold.test_runtime_nginx_reconciliation_t1_proof_graph" name="test_ssot_scaffold_placeholder" time="0.000" /><testcase classname="tests.ssot_scaffold.test_runtime_nginx_reconciliation_t2_proof_graph" name="test_ssot_scaffold_placeholder" time="0.000" /><testcase classname="tests.test_package" name="test_version_is_pre_alpha" time="0.000" /></testsuite></testsuites>