<?xml version="1.0" encoding="utf-8"?><testsuites name="pytest tests"><testsuite name="pytest" errors="0" failures="0" skipped="0" tests="60" time="1.275" timestamp="2026-07-13T18:48:45.123908-05:00" hostname="DESKTOP-5RO2L8U"><testcase classname="tests.runtime.test_certificates_runtime" name="test_custom_certificate_validates_dates_domains_and_key" time="0.004" /><testcase classname="tests.runtime.test_certificates_runtime" name="test_malformed_certificate_is_rejected_before_openssl" time="0.000" /><testcase classname="tests.runtime.test_certificates_runtime" name="test_mismatched_private_key_is_rejected" time="0.004" /><testcase classname="tests.runtime.test_certificates_runtime" name="test_acme_issue_presents_and_cleans_every_challenge" time="0.000" /><testcase classname="tests.runtime.test_certificates_runtime" name="test_acme_failure_still_cleans_presented_challenges" time="0.000" /><testcase classname="tests.runtime.test_certificates_runtime" name="test_wildcard_requires_dns01_and_renewal_window_is_30_days" time="0.000" /><testcase classname="tests.runtime.test_certificates_runtime" name="test_frozen_provider_catalog_has_86_unique_entries_and_validates_known_fields" time="0.000" /><testcase classname="tests.runtime.test_compat_api" name="test_health_schema_login_and_refresh" time="0.073" /><testcase classname="tests.runtime.test_compat_api" name="test_proxy_crud_preserves_id_unknown_fields_and_metadata" time="0.039" /><testcase classname="tests.runtime.test_compat_api" name="test_all_collections_offer_raw_crud[/api/nginx/certificates-payload0]" time="0.039" /><testcase classname="tests.runtime.test_compat_api" name="test_all_collections_offer_raw_crud[/api/nginx/access-lists-payload1]" time="0.041" /><testcase classname="tests.runtime.test_compat_api" name="test_all_collections_offer_raw_crud[/api/nginx/redirection-hosts-payload2]" time="0.046" /><testcase classname="tests.runtime.test_compat_api" name="test_all_collections_offer_raw_crud[/api/nginx/dead-hosts-payload3]" time="0.050" /><testcase classname="tests.runtime.test_compat_api" name="test_all_collections_offer_raw_crud[/api/nginx/streams-payload4]" time="0.041" /><testcase classname="tests.runtime.test_compat_api" name="test_all_collections_offer_raw_crud[/api/users-payload5]" time="0.073" /><testcase classname="tests.runtime.test_compat_api" name="test_all_collections_offer_raw_crud[/api/settings-payload6]" time="0.033" /><testcase classname="tests.runtime.test_compat_api" name="test_audit_since_is_admin_only_and_returns_array" time="0.032" /><testcase classname="tests.runtime.test_compat_api" name="test_invalid_auth_payload_ids_and_metadata_are_rejected" time="0.036" /><testcase classname="tests.runtime.test_compat_api" name="test_rbac_visibility_and_write_fences" time="0.038" /><testcase classname="tests.runtime.test_compat_api" name="test_facade_adapts_the_shared_control_plane_service" time="0.034" /><testcase classname="tests.runtime.test_compat_api" name="test_packaged_factory_bootstraps_from_environment_and_mounts_ui" time="0.170" /><testcase classname="tests.runtime.test_compat_api" name="test_packaged_app_requires_explicit_first_admin" time="0.071" /><testcase classname="tests.runtime.test_domain_routing" name="test_ownership_round_trip_and_foreign_mutation_is_fail_closed" time="0.000" /><testcase classname="tests.runtime.test_domain_routing" name="test_partial_ownership_metadata_is_invalid" time="0.000" /><testcase classname="tests.runtime.test_domain_routing" name="test_ssl_dependencies_are_normalized_server_side" time="0.000" /><testcase classname="tests.runtime.test_domain_routing" name="test_domains_are_canonical_and_cross_family_collisions_fail" time="0.000" /><testcase classname="tests.runtime.test_domain_routing" name="test_duplicate_domains_and_invalid_ports_fail_at_construction" time="0.000" /><testcase classname="tests.runtime.test_domain_routing" name="test_proxy_location_invariants" time="0.000" /><testcase classname="tests.runtime.test_domain_routing" name="test_stream_protocol_collisions_are_scoped_by_protocol" time="0.000" /><testcase classname="tests.runtime.test_domain_routing" name="test_stream_tls_requires_tcp" time="0.000" /><testcase classname="tests.runtime.test_domain_routing" name="test_dead_host_is_a_valid_inventory_member" time="0.000" /><testcase classname="tests.runtime.test_identity" name="test_principal_admin_and_section_permissions" time="0.000" /><testcase classname="tests.runtime.test_identity" name="test_session_refresh_expiry_and_invalid_token" time="0.000" /><testcase classname="tests.runtime.test_identity" name="test_personal_access_token_is_one_time_revealed_hashed_revocable_and_expiring" time="0.000" /><testcase classname="tests.runtime.test_identity" name="test_totp_matches_rfc_vector_and_rejects_invalid_codes" time="0.000" /><testcase classname="tests.runtime.test_identity" name="test_backup_codes_are_one_use" time="0.000" /><testcase classname="tests.runtime.test_migration_runtime" name="test_npm_preflight_preserves_ids_metadata_and_quarantines_invalid_references" time="0.000" /><testcase classname="tests.runtime.test_migration_runtime" name="test_read_only_sqlite_preflight" time="0.060" /><testcase classname="tests.runtime.test_nginx_runtime" name="test_proxy_render_covers_websocket_cache_tls_access_and_advanced_config" time="0.000" /><testcase classname="tests.runtime.test_nginx_runtime" name="test_custom_root_location_suppresses_generated_default" time="0.000" /><testcase classname="tests.runtime.test_nginx_runtime" name="test_redirect_dead_stream_and_platform_rendering" time="0.000" /><testcase classname="tests.runtime.test_nginx_runtime" name="test_render_is_deterministic_across_input_order" time="0.000" /><testcase classname="tests.runtime.test_nginx_runtime" name="test_reconciler_applies_and_is_idempotent" time="0.002" /><testcase classname="tests.runtime.test_nginx_runtime" name="test_validation_failure_never_activates_candidate" time="0.002" /><testcase classname="tests.runtime.test_nginx_runtime" name="test_reload_failure_restores_last_known_good" time="0.004" /><testcase classname="tests.runtime.test_nginx_runtime" name="test_generation_store_rejects_path_traversal" time="0.001" /><testcase classname="tests.runtime.test_operations_distribution" name="test_audit_settings_health_and_upgrades" time="0.002" /><testcase classname="tests.runtime.test_operations_distribution" name="test_distribution_assets_define_supervision_health_and_supply_chain" time="0.001" /><testcase classname="tests.runtime.test_persistence_runtime" name="test_repository_contract_and_transaction_rollback[memory]" time="0.001" /><testcase classname="tests.runtime.test_persistence_runtime" name="test_repository_contract_and_transaction_rollback[sqlite]" time="0.008" /><testcase classname="tests.runtime.test_persistence_runtime" name="test_repository_contract_and_transaction_rollback[filesystem]" time="0.005" /><testcase classname="tests.runtime.test_persistence_runtime" name="test_versioned_bundle_round_trip_and_preview" time="0.007" /><testcase classname="tests.runtime.test_persistence_runtime" name="test_hybrid_repository_keeps_metadata_and_blobs_separate" time="0.003" /><testcase classname="tests.runtime.test_service" name="test_stable_ids_metadata_and_soft_delete" time="0.000" /><testcase classname="tests.runtime.test_service" name="test_casefolded_cross_family_domain_collision" time="0.000" /><testcase classname="tests.runtime.test_service" name="test_foreign_resources_are_hidden_and_cannot_be_pruned" time="0.000" /><testcase classname="tests.runtime.test_service" name="test_invalid_inputs_and_audit_redaction" time="0.000" /><testcase classname="tests.runtime.test_service" name="test_preserved_compatibility_ids_advance_allocator" time="0.000" /><testcase classname="tests.runtime.test_ui_assets" name="test_no_build_console_is_packaged_and_accessible" time="0.012" /><testcase classname="tests.runtime.test_ui_assets" name="test_root_redirects_to_console" time="0.002" /></testsuite></testsuites>