<?xml version="1.0" encoding="utf-8"?><testsuites name="pytest tests"><testsuite name="pytest" errors="0" failures="0" skipped="0" tests="30" time="7.135" timestamp="2026-08-11T05:52:15.997172-05:00" hostname="DESKTOP-5RO2L8U"><testcase classname="tests.robustness.test_api_security_ui_t2" name="test_non_admin_cannot_inject_raw_nginx_but_admin_can" time="0.316" /><testcase classname="tests.robustness.test_api_security_ui_t2" name="test_operator_filters_have_accessible_names_in_source" time="0.002" /><testcase classname="tests.robustness.test_api_security_ui_t2" name="test_pat_scope_lifecycle_and_cross_user_denials" time="3.488" /><testcase classname="tests.robustness.test_api_security_ui_t2" name="test_console_pages_are_directly_requestable" time="0.665" /><testcase classname="tests.robustness.test_data_operations_distribution_t2" name="test_collision_failure_does_not_persist_a_second_routing_host" time="0.218" /><testcase classname="tests.robustness.test_data_operations_distribution_t2" name="test_npm_preflight_preserves_owner_metadata_and_quarantines_bad_references" time="0.000" /><testcase classname="tests.robustness.test_proxy_host_health_t2" name="test_real_http_probe_classifies_reachable_and_unreachable_upstreams" time="1.034" /><testcase classname="tests.robustness.test_proxy_host_health_t2" name="test_scheduler_invokes_the_same_probe_operation_for_enabled_hosts_only" time="0.001" /><testcase classname="tests.robustness.test_routing_nginx_certificates_t2" name="test_owner_scoped_prune_fails_closed_for_every_foreign_selection[None-unmanaged]" time="0.000" /><testcase classname="tests.robustness.test_routing_nginx_certificates_t2" name="test_owner_scoped_prune_fails_closed_for_every_foreign_selection[foreign1-adoption]" time="0.000" /><testcase classname="tests.robustness.test_routing_nginx_certificates_t2" name="test_owner_scoped_prune_fails_closed_for_every_foreign_selection[foreign2-adoption]" time="0.000" /><testcase classname="tests.robustness.test_routing_nginx_certificates_t2" name="test_cross_family_domain_collision_is_atomic_and_case_insensitive" time="0.000" /><testcase classname="tests.robustness.test_routing_nginx_certificates_t2" name="test_stream_collision_namespace_separates_protocol_but_rejects_overlap" time="0.000" /><testcase classname="tests.robustness.test_routing_nginx_certificates_t2" name="test_invalid_routing_inputs_are_rejected_before_render[&lt;lambda&gt;0]" time="0.000" /><testcase classname="tests.robustness.test_routing_nginx_certificates_t2" name="test_invalid_routing_inputs_are_rejected_before_render[&lt;lambda&gt;1]" time="0.000" /><testcase classname="tests.robustness.test_routing_nginx_certificates_t2" name="test_invalid_routing_inputs_are_rejected_before_render[&lt;lambda&gt;2]" time="0.000" /><testcase classname="tests.robustness.test_routing_nginx_certificates_t2" name="test_invalid_routing_inputs_are_rejected_before_render[&lt;lambda&gt;3]" time="0.000" /><testcase classname="tests.robustness.test_routing_nginx_certificates_t2" name="test_full_nginx_generation_is_byte_deterministic_under_permutations" time="0.001" /><testcase classname="tests.robustness.test_routing_nginx_certificates_t2" name="test_platform_and_advanced_config_boundaries_fail_closed" time="0.000" /><testcase classname="tests.robustness.test_routing_nginx_certificates_t2" name="test_rendered_feature_interactions_do_not_weaken_access_or_tls" time="0.000" /><testcase classname="tests.robustness.test_routing_nginx_certificates_t2" name="test_invalid_candidate_preserves_last_known_good_and_diagnostic" time="0.020" /><testcase classname="tests.robustness.test_routing_nginx_certificates_t2" name="test_concurrent_reconciliation_serializes_complete_generations" time="0.008" /><testcase classname="tests.robustness.test_routing_nginx_certificates_t2" name="test_malformed_pem_components_never_reach_openssl[bundle0]" time="0.000" /><testcase classname="tests.robustness.test_routing_nginx_certificates_t2" name="test_malformed_pem_components_never_reach_openssl[bundle1]" time="0.000" /><testcase classname="tests.robustness.test_routing_nginx_certificates_t2" name="test_malformed_pem_components_never_reach_openssl[bundle2]" time="0.000" /><testcase classname="tests.robustness.test_routing_nginx_certificates_t2" name="test_certificate_date_boundaries_fail_closed" time="0.005" /><testcase classname="tests.robustness.test_routing_nginx_certificates_t2" name="test_acme_renewal_failure_cleans_all_challenges_in_reverse_order[validate]" time="0.000" /><testcase classname="tests.robustness.test_routing_nginx_certificates_t2" name="test_acme_renewal_failure_cleans_all_challenges_in_reverse_order[finalize]" time="0.000" /><testcase classname="tests.robustness.test_routing_nginx_certificates_t2" name="test_dns_provider_present_failure_cleans_only_successfully_presented_inputs" time="0.000" /><testcase classname="tests.robustness.test_routing_nginx_certificates_t2" name="test_dns_provider_catalog_keeps_credentials_outside_frozen_provider_identity" time="0.000" /></testsuite></testsuites>