<?xml version="1.0" encoding="utf-8"?><testsuites name="pytest tests"><testsuite name="pytest" errors="0" failures="0" skipped="0" tests="120" time="2.536" timestamp="2026-07-13T19:33:16.214714-05:00" hostname="DESKTOP-5RO2L8U"><testcase classname="tests.runtime.test_certificates_runtime" name="test_custom_certificate_validates_dates_domains_and_key" time="0.007" /><testcase classname="tests.runtime.test_certificates_runtime" name="test_malformed_certificate_is_rejected_before_openssl" time="0.000" /><testcase classname="tests.runtime.test_certificates_runtime" name="test_mismatched_private_key_is_rejected" time="0.003" /><testcase classname="tests.runtime.test_certificates_runtime" name="test_acme_issue_presents_and_cleans_every_challenge" time="0.001" /><testcase classname="tests.runtime.test_certificates_runtime" name="test_acme_failure_still_cleans_presented_challenges" time="0.000" /><testcase classname="tests.runtime.test_certificates_runtime" name="test_wildcard_requires_dns01_and_renewal_window_is_30_days" time="0.000" /><testcase classname="tests.runtime.test_certificates_runtime" name="test_frozen_provider_catalog_has_86_unique_entries_and_validates_known_fields" time="0.001" /><testcase classname="tests.runtime.test_compat_api" name="test_health_schema_login_and_refresh" time="0.093" /><testcase classname="tests.runtime.test_compat_api" name="test_proxy_crud_preserves_id_unknown_fields_and_metadata" time="0.047" /><testcase classname="tests.runtime.test_compat_api" name="test_all_collections_offer_raw_crud[/api/nginx/certificates-payload0]" time="0.043" /><testcase classname="tests.runtime.test_compat_api" name="test_all_collections_offer_raw_crud[/api/nginx/access-lists-payload1]" time="0.043" /><testcase classname="tests.runtime.test_compat_api" name="test_all_collections_offer_raw_crud[/api/nginx/redirection-hosts-payload2]" time="0.088" /><testcase classname="tests.runtime.test_compat_api" name="test_all_collections_offer_raw_crud[/api/nginx/dead-hosts-payload3]" time="0.042" /><testcase classname="tests.runtime.test_compat_api" name="test_all_collections_offer_raw_crud[/api/nginx/streams-payload4]" time="0.042" /><testcase classname="tests.runtime.test_compat_api" name="test_all_collections_offer_raw_crud[/api/users-payload5]" time="0.039" /><testcase classname="tests.runtime.test_compat_api" name="test_all_collections_offer_raw_crud[/api/settings-payload6]" time="0.043" /><testcase classname="tests.runtime.test_compat_api" name="test_audit_since_is_admin_only_and_returns_array" time="0.046" /><testcase classname="tests.runtime.test_compat_api" name="test_invalid_auth_payload_ids_and_metadata_are_rejected" time="0.039" /><testcase classname="tests.runtime.test_compat_api" name="test_rbac_visibility_and_write_fences" time="0.047" /><testcase classname="tests.runtime.test_compat_api" name="test_facade_adapts_the_shared_control_plane_service" time="0.037" /><testcase classname="tests.runtime.test_compat_api" name="test_packaged_factory_bootstraps_from_environment_and_mounts_ui" time="0.146" /><testcase classname="tests.runtime.test_compat_api" name="test_packaged_app_requires_explicit_first_admin" time="0.077" /><testcase classname="tests.runtime.test_domain_routing" name="test_ownership_round_trip_and_foreign_mutation_is_fail_closed" time="0.000" /><testcase classname="tests.runtime.test_domain_routing" name="test_partial_ownership_metadata_is_invalid" time="0.000" /><testcase classname="tests.runtime.test_domain_routing" name="test_ssl_dependencies_are_normalized_server_side" time="0.000" /><testcase classname="tests.runtime.test_domain_routing" name="test_domains_are_canonical_and_cross_family_collisions_fail" time="0.000" /><testcase classname="tests.runtime.test_domain_routing" name="test_duplicate_domains_and_invalid_ports_fail_at_construction" time="0.000" /><testcase classname="tests.runtime.test_domain_routing" name="test_proxy_location_invariants" time="0.000" /><testcase classname="tests.runtime.test_domain_routing" name="test_stream_protocol_collisions_are_scoped_by_protocol" time="0.000" /><testcase classname="tests.runtime.test_domain_routing" name="test_stream_tls_requires_tcp" time="0.000" /><testcase classname="tests.runtime.test_domain_routing" name="test_dead_host_is_a_valid_inventory_member" time="0.000" /><testcase classname="tests.runtime.test_identity" name="test_principal_admin_and_section_permissions" time="0.000" /><testcase classname="tests.runtime.test_identity" name="test_session_refresh_expiry_and_invalid_token" time="0.000" /><testcase classname="tests.runtime.test_identity" name="test_personal_access_token_is_one_time_revealed_hashed_revocable_and_expiring" time="0.001" /><testcase classname="tests.runtime.test_identity" name="test_totp_matches_rfc_vector_and_rejects_invalid_codes" time="0.001" /><testcase classname="tests.runtime.test_identity" name="test_backup_codes_are_one_use" time="0.000" /><testcase classname="tests.runtime.test_migration_runtime" name="test_npm_preflight_preserves_ids_metadata_and_quarantines_invalid_references" time="0.000" /><testcase classname="tests.runtime.test_migration_runtime" name="test_read_only_sqlite_preflight" time="0.012" /><testcase classname="tests.runtime.test_nginx_runtime" name="test_proxy_render_covers_websocket_cache_tls_access_and_advanced_config" time="0.000" /><testcase classname="tests.runtime.test_nginx_runtime" name="test_custom_root_location_suppresses_generated_default" time="0.000" /><testcase classname="tests.runtime.test_nginx_runtime" name="test_redirect_dead_stream_and_platform_rendering" time="0.000" /><testcase classname="tests.runtime.test_nginx_runtime" name="test_render_is_deterministic_across_input_order" time="0.001" /><testcase classname="tests.runtime.test_nginx_runtime" name="test_reconciler_applies_and_is_idempotent" time="0.004" /><testcase classname="tests.runtime.test_nginx_runtime" name="test_validation_failure_never_activates_candidate" time="0.004" /><testcase classname="tests.runtime.test_nginx_runtime" name="test_reload_failure_restores_last_known_good" time="0.006" /><testcase classname="tests.runtime.test_nginx_runtime" name="test_generation_store_rejects_path_traversal" time="0.002" /><testcase classname="tests.runtime.test_operations_distribution" name="test_audit_settings_health_and_upgrades" time="0.002" /><testcase classname="tests.runtime.test_operations_distribution" name="test_distribution_assets_define_supervision_health_and_supply_chain" time="0.001" /><testcase classname="tests.runtime.test_persistence_runtime" name="test_repository_contract_and_transaction_rollback[memory]" time="0.001" /><testcase classname="tests.runtime.test_persistence_runtime" name="test_repository_contract_and_transaction_rollback[sqlite]" time="0.013" /><testcase classname="tests.runtime.test_persistence_runtime" name="test_repository_contract_and_transaction_rollback[filesystem]" time="0.009" /><testcase classname="tests.runtime.test_persistence_runtime" name="test_versioned_bundle_round_trip_and_preview" time="0.014" /><testcase classname="tests.runtime.test_persistence_runtime" name="test_hybrid_repository_keeps_metadata_and_blobs_separate" time="0.004" /><testcase classname="tests.runtime.test_service" name="test_stable_ids_metadata_and_soft_delete" time="0.000" /><testcase classname="tests.runtime.test_service" name="test_casefolded_cross_family_domain_collision" time="0.000" /><testcase classname="tests.runtime.test_service" name="test_foreign_resources_are_hidden_and_cannot_be_pruned" time="0.000" /><testcase classname="tests.runtime.test_service" name="test_invalid_inputs_and_audit_redaction" time="0.000" /><testcase classname="tests.runtime.test_service" name="test_preserved_compatibility_ids_advance_allocator" time="0.000" /><testcase classname="tests.runtime.test_ui_assets" name="test_no_build_console_is_packaged_and_accessible" time="0.017" /><testcase classname="tests.runtime.test_ui_assets" name="test_root_redirects_to_console" time="0.003" /><testcase classname="tests.robustness.test_api_security_ui_t2" name="test_authentication_fails_closed_for_missing_malformed_and_forged_credentials[None]" time="0.105" /><testcase classname="tests.robustness.test_api_security_ui_t2" name="test_authentication_fails_closed_for_missing_malformed_and_forged_credentials[]" time="0.037" /><testcase classname="tests.robustness.test_api_security_ui_t2" name="test_authentication_fails_closed_for_missing_malformed_and_forged_credentials[Basic dXNlcjpwYXNz]" time="0.029" /><testcase classname="tests.robustness.test_api_security_ui_t2" name="test_authentication_fails_closed_for_missing_malformed_and_forged_credentials[bearer invalid]" time="0.027" /><testcase classname="tests.robustness.test_api_security_ui_t2" name="test_authentication_fails_closed_for_missing_malformed_and_forged_credentials[Bearer]" time="0.028" /><testcase classname="tests.robustness.test_api_security_ui_t2" name="test_authentication_fails_closed_for_missing_malformed_and_forged_credentials[Bearer ]" time="0.028" /><testcase classname="tests.robustness.test_api_security_ui_t2" name="test_authentication_fails_closed_for_missing_malformed_and_forged_credentials[Bearer fabricated]" time="0.025" /><testcase classname="tests.robustness.test_api_security_ui_t2" name="test_refresh_rotates_session_and_rejects_replay" time="0.040" /><testcase classname="tests.robustness.test_api_security_ui_t2" name="test_token_store_expiry_pat_tamper_revocation_and_hash_at_rest" time="0.000" /><testcase classname="tests.robustness.test_api_security_ui_t2" name="test_login_rejects_malformed_or_scope_escalating_payloads[payload0]" time="0.032" /><testcase classname="tests.robustness.test_api_security_ui_t2" name="test_login_rejects_malformed_or_scope_escalating_payloads[payload1]" time="0.035" /><testcase classname="tests.robustness.test_api_security_ui_t2" name="test_login_rejects_malformed_or_scope_escalating_payloads[payload2]" time="0.038" /><testcase classname="tests.robustness.test_api_security_ui_t2" name="test_login_rejects_malformed_or_scope_escalating_payloads[payload3]" time="0.033" /><testcase classname="tests.robustness.test_api_security_ui_t2" name="test_login_rejects_malformed_or_scope_escalating_payloads[payload4]" time="0.101" /><testcase classname="tests.robustness.test_api_security_ui_t2" name="test_resource_boundary_rejects_non_objects_ids_bad_metadata_and_bad_routes" time="0.056" /><testcase classname="tests.robustness.test_api_security_ui_t2" name="test_rbac_and_visibility_do_not_disclose_foreign_resources" time="0.050" /><testcase classname="tests.robustness.test_api_security_ui_t2" name="test_npmctl_wire_contract_preserves_raw_arrays_ids_extensions_and_owner_metadata" time="0.062" /><testcase classname="tests.robustness.test_api_security_ui_t2" name="test_totp_vectors_window_validation_and_backup_codes_are_single_use" time="0.000" /><testcase classname="tests.robustness.test_api_security_ui_t2" name="test_initial_setup_is_one_shot_casefolded_and_never_echoes_password" time="0.107" /><testcase classname="tests.robustness.test_api_security_ui_t2" name="test_no_build_ui_has_accessibility_and_static_security_invariants" time="0.039" /><testcase classname="tests.robustness.test_data_operations_distribution_t2" name="test_transactions_rollback_all_mutations[memory]" time="0.001" /><testcase classname="tests.robustness.test_data_operations_distribution_t2" name="test_transactions_rollback_all_mutations[sqlite]" time="0.014" /><testcase classname="tests.robustness.test_data_operations_distribution_t2" name="test_transactions_rollback_all_mutations[filesystem]" time="0.007" /><testcase classname="tests.robustness.test_data_operations_distribution_t2" name="test_concurrent_writers_do_not_lose_distinct_records[memory]" time="0.006" /><testcase classname="tests.robustness.test_data_operations_distribution_t2" name="test_concurrent_writers_do_not_lose_distinct_records[sqlite]" time="0.142" /><testcase classname="tests.robustness.test_data_operations_distribution_t2" name="test_concurrent_writers_do_not_lose_distinct_records[filesystem]" time="0.026" /><testcase classname="tests.robustness.test_data_operations_distribution_t2" name="test_filesystem_snapshot_rejects_corruption_and_unknown_schema" time="0.004" /><testcase classname="tests.robustness.test_data_operations_distribution_t2" name="test_bundle_tampering_conflicts_and_preview_are_fail_closed" time="0.014" /><testcase classname="tests.robustness.test_data_operations_distribution_t2" name="test_hybrid_blob_paths_cannot_escape_store_and_metadata_rolls_back" time="0.001" /><testcase classname="tests.robustness.test_data_operations_distribution_t2" name="test_dbapi_backend_contract_and_failure_rollback[PostgreSQLRepository-payload TEXT-ON CONFLICT(collection, resource_id)]" time="0.000" /><testcase classname="tests.robustness.test_data_operations_distribution_t2" name="test_dbapi_backend_contract_and_failure_rollback[MySQLRepository-payload LONGTEXT-ON DUPLICATE KEY UPDATE]" time="0.000" /><testcase classname="tests.robustness.test_data_operations_distribution_t2" name="test_npm_migration_quarantines_invalid_data_and_is_idempotent" time="0.000" /><testcase classname="tests.robustness.test_data_operations_distribution_t2" name="test_npm_migration_conflicts_do_not_replace_without_authorization" time="0.000" /><testcase classname="tests.robustness.test_data_operations_distribution_t2" name="test_recursive_audit_redaction_never_persists_credentials" time="0.000" /><testcase classname="tests.robustness.test_data_operations_distribution_t2" name="test_health_isolates_repository_and_dependency_failures" time="0.000" /><testcase classname="tests.robustness.test_data_operations_distribution_t2" name="test_log_rotation_is_bounded_and_preserves_generation_order" time="0.003" /><testcase classname="tests.robustness.test_data_operations_distribution_t2" name="test_failed_upgrade_rolls_back_and_can_be_retried" time="0.000" /><testcase classname="tests.robustness.test_data_operations_distribution_t2" name="test_runtime_identity_configuration_and_container_artifacts_are_consistent" time="0.001" /><testcase classname="tests.robustness.test_routing_nginx_certificates_t2" name="test_owner_scoped_prune_fails_closed_for_every_foreign_selection[None-unmanaged]" time="0.000" /><testcase classname="tests.robustness.test_routing_nginx_certificates_t2" name="test_owner_scoped_prune_fails_closed_for_every_foreign_selection[foreign1-adoption]" time="0.000" /><testcase classname="tests.robustness.test_routing_nginx_certificates_t2" name="test_owner_scoped_prune_fails_closed_for_every_foreign_selection[foreign2-adoption]" time="0.000" /><testcase classname="tests.robustness.test_routing_nginx_certificates_t2" name="test_cross_family_domain_collision_is_atomic_and_case_insensitive" time="0.000" /><testcase classname="tests.robustness.test_routing_nginx_certificates_t2" name="test_stream_collision_namespace_separates_protocol_but_rejects_overlap" time="0.000" /><testcase classname="tests.robustness.test_routing_nginx_certificates_t2" name="test_invalid_routing_inputs_are_rejected_before_render[&lt;lambda&gt;0]" time="0.000" /><testcase classname="tests.robustness.test_routing_nginx_certificates_t2" name="test_invalid_routing_inputs_are_rejected_before_render[&lt;lambda&gt;1]" time="0.000" /><testcase classname="tests.robustness.test_routing_nginx_certificates_t2" name="test_invalid_routing_inputs_are_rejected_before_render[&lt;lambda&gt;2]" time="0.000" /><testcase classname="tests.robustness.test_routing_nginx_certificates_t2" name="test_invalid_routing_inputs_are_rejected_before_render[&lt;lambda&gt;3]" time="0.000" /><testcase classname="tests.robustness.test_routing_nginx_certificates_t2" name="test_full_nginx_generation_is_byte_deterministic_under_permutations" time="0.000" /><testcase classname="tests.robustness.test_routing_nginx_certificates_t2" name="test_platform_and_advanced_config_boundaries_fail_closed" time="0.000" /><testcase classname="tests.robustness.test_routing_nginx_certificates_t2" name="test_rendered_feature_interactions_do_not_weaken_access_or_tls" time="0.000" /><testcase classname="tests.robustness.test_routing_nginx_certificates_t2" name="test_invalid_candidate_preserves_last_known_good_and_diagnostic" time="0.010" /><testcase classname="tests.robustness.test_routing_nginx_certificates_t2" name="test_concurrent_reconciliation_serializes_complete_generations" time="0.006" /><testcase classname="tests.robustness.test_routing_nginx_certificates_t2" name="test_malformed_pem_components_never_reach_openssl[bundle0]" time="0.000" /><testcase classname="tests.robustness.test_routing_nginx_certificates_t2" name="test_malformed_pem_components_never_reach_openssl[bundle1]" time="0.000" /><testcase classname="tests.robustness.test_routing_nginx_certificates_t2" name="test_malformed_pem_components_never_reach_openssl[bundle2]" time="0.000" /><testcase classname="tests.robustness.test_routing_nginx_certificates_t2" name="test_certificate_date_boundaries_fail_closed" time="0.002" /><testcase classname="tests.robustness.test_routing_nginx_certificates_t2" name="test_acme_renewal_failure_cleans_all_challenges_in_reverse_order[validate]" time="0.000" /><testcase classname="tests.robustness.test_routing_nginx_certificates_t2" name="test_acme_renewal_failure_cleans_all_challenges_in_reverse_order[finalize]" time="0.000" /><testcase classname="tests.robustness.test_routing_nginx_certificates_t2" name="test_dns_provider_present_failure_cleans_only_successfully_presented_inputs" time="0.000" /><testcase classname="tests.robustness.test_routing_nginx_certificates_t2" name="test_dns_provider_catalog_keeps_credentials_outside_frozen_provider_identity" time="0.000" /></testsuite></testsuites>