<?xml version="1.0" encoding="utf-8"?><testsuites name="pytest tests"><testsuite name="pytest" errors="0" failures="0" skipped="0" tests="32" time="5.853" timestamp="2026-08-10T07:44:11.186303-05:00" hostname="DESKTOP-5RO2L8U"><testcase classname="tests.runtime.test_tigrbl_app_runtime" name="test_setup_login_and_proxy_host_crud_use_composed_tigrbl_app" time="1.283" /><testcase classname="tests.runtime.test_tigrbl_app_runtime" name="test_generated_bootstrap_credentials_are_unique_to_the_deployment" time="0.013" /><testcase classname="tests.runtime.test_tigrbl_app_runtime" name="test_bootstrap_admin_must_change_password_before_control_plane_access" time="1.126" /><testcase classname="tests.runtime.test_tigrbl_app_runtime" name="test_export_and_preview_are_table_backed_and_checksummed" time="0.135" /><testcase classname="tests.runtime.test_tigrbl_app_runtime" name="test_runtime_changes_persist_and_publish_immutable_generation" time="0.699" /><testcase classname="tests.runtime.test_tigrbl_app_runtime" name="test_demo_seed_reuses_an_existing_canonical_domain" time="0.135" /><testcase classname="tests.runtime.test_certificates_runtime" name="test_custom_certificate_validates_dates_domains_and_key" time="0.004" /><testcase classname="tests.runtime.test_certificates_runtime" name="test_malformed_certificate_is_rejected_before_openssl" time="0.000" /><testcase classname="tests.runtime.test_certificates_runtime" name="test_mismatched_private_key_is_rejected" time="0.002" /><testcase classname="tests.runtime.test_certificates_runtime" name="test_acme_issue_presents_and_cleans_every_challenge" time="0.000" /><testcase classname="tests.runtime.test_certificates_runtime" name="test_acme_failure_still_cleans_presented_challenges" time="0.000" /><testcase classname="tests.runtime.test_certificates_runtime" name="test_wildcard_requires_dns01_and_renewal_window_is_30_days" time="0.000" /><testcase classname="tests.runtime.test_certificates_runtime" name="test_frozen_provider_catalog_has_86_unique_entries_and_validates_known_fields" time="0.000" /><testcase classname="tests.runtime.test_certificates_runtime" name="test_dns_provider_status_distinguishes_catalog_from_executable_support" time="0.000" /><testcase classname="tests.runtime.test_certificates_runtime" name="test_certificate_manager_atomically_publishes_custom_and_acme_material" time="0.038" /><testcase classname="tests.runtime.test_certificates_runtime" name="test_certificate_manager_refuses_delete_while_certificate_is_assigned" time="0.015" /><testcase classname="tests.runtime.test_certificates_runtime" name="test_certificate_material_store_rejects_unsafe_ids[0]" time="0.002" /><testcase classname="tests.runtime.test_certificates_runtime" name="test_certificate_material_store_rejects_unsafe_ids[-1]" time="0.001" /><testcase classname="tests.runtime.test_certificates_runtime" name="test_certificate_material_store_rejects_unsafe_ids[True]" time="0.002" /><testcase classname="tests.runtime.test_certificates_runtime" name="test_certificate_material_store_rejects_unsafe_ids[../../outside]" time="0.001" /><testcase classname="tests.runtime.test_certificates_runtime" name="test_table_certificate_manager_persists_metadata_and_write_only_material" time="0.018" /><testcase classname="tests.runtime.test_certificates_runtime" name="test_table_certificate_delete_restores_material_when_metadata_delete_fails" time="0.007" /><testcase classname="tests.runtime.test_migration_runtime" name="test_npm_preflight_preserves_ids_metadata_and_quarantines_invalid_references" time="0.000" /><testcase classname="tests.runtime.test_migration_runtime" name="test_read_only_sqlite_preflight" time="0.013" /><testcase classname="tests.runtime.test_migration_runtime" name="test_npm_related_identity_and_access_list_tables_are_assembled" time="0.170" /><testcase classname="tests.runtime.test_migration_runtime" name="test_schema_migration_surface_only_reports_the_current_contract" time="0.088" /><testcase classname="tests.runtime.test_migration_runtime" name="test_schema_migration_adds_certificate_owner_to_existing_sqlite_database" time="0.274" /><testcase classname="tests.runtime.test_ui_assets" name="test_compiled_console_is_packaged_and_accessible" time="0.064" /><testcase classname="tests.runtime.test_ui_assets" name="test_data_tables_do_not_reserve_an_actions_header" time="0.002" /><testcase classname="tests.runtime.test_ui_assets" name="test_host_provenance_distinguishes_automation_humans_and_system_resources" time="0.001" /><testcase classname="tests.runtime.test_ui_assets" name="test_root_redirects_to_console" time="0.019" /><testcase classname="tests.runtime.test_ui_assets" name="test_composed_initialized_application_serves_console" time="0.777" /></testsuite></testsuites>