<?xml version="1.0" encoding="utf-8"?><testsuites name="pytest tests"><testsuite name="pytest" errors="0" failures="0" skipped="0" tests="11" time="4.828" timestamp="2026-08-10T08:21:04.355893-05:00" hostname="DESKTOP-5RO2L8U"><testcase classname="tests.runtime.test_tigrbl_app_runtime" name="test_setup_login_and_proxy_host_crud_use_composed_tigrbl_app" time="1.237" /><testcase classname="tests.runtime.test_tigrbl_app_runtime" name="test_generated_bootstrap_credentials_are_unique_to_the_deployment" time="0.013" /><testcase classname="tests.runtime.test_tigrbl_app_runtime" name="test_bootstrap_admin_must_change_password_before_control_plane_access" time="1.055" /><testcase classname="tests.runtime.test_tigrbl_app_runtime" name="test_export_and_preview_are_table_backed_and_checksummed" time="0.121" /><testcase classname="tests.runtime.test_tigrbl_app_runtime" name="test_runtime_changes_persist_and_publish_immutable_generation" time="0.639" /><testcase classname="tests.runtime.test_tigrbl_app_runtime" name="test_demo_seed_reuses_an_existing_canonical_domain" time="0.114" /><testcase classname="tests.runtime.test_ui_assets" name="test_compiled_console_is_packaged_and_accessible" time="0.051" /><testcase classname="tests.runtime.test_ui_assets" name="test_data_tables_do_not_reserve_an_actions_header" time="0.001" /><testcase classname="tests.runtime.test_ui_assets" name="test_host_provenance_distinguishes_automation_humans_and_system_resources" time="0.001" /><testcase classname="tests.runtime.test_ui_assets" name="test_root_redirects_to_console" time="0.012" /><testcase classname="tests.runtime.test_ui_assets" name="test_composed_initialized_application_serves_console" time="0.658" /></testsuite></testsuites>